<?xml version="1.0" encoding="UTF-8"?>
<!-- Generated by org.testng.reporters.JUnitReportReporter -->
<testsuite hostname="DESKTOP-NHPHHM1" failures="0" tests="1" name="qa.tests.TestCase1" time="43.228" errors="0" timestamp="2024-11-29T15:10:39 IST" skipped="0">
  <testcase classname="qa.tests.TestCase1" name="sampleMethodForEnteringCredentials" time="43.228"/>
  <system-out/>
</testsuite> <!-- qa.tests.TestCase1 -->
